0 info it worked if it ends with ok
1 verbose cli [ '/usr/bin/node', '/usr/bin/npm', 'run', 'dev' ]
2 info using npm@2.11.3
3 info using node@v0.12.7
4 verbose node symlink /usr/bin/node
5 verbose run-script [ 'predev', 'dev', 'postdev' ]
6 info predev ivisp4@0.0.2
7 info dev ivisp4@0.0.2
8 verbose unsafe-perm in lifecycle true
9 info ivisp4@0.0.2 Failed to exec dev script
10 verbose stack Error: ivisp4@0.0.2 dev: `webpack-dev-server --content-base build/ --inline --hot`
10 verbose stack Exit status 1
10 verbose stack     at EventEmitter.<anonymous> (/usr/lib/node_modules/npm/lib/utils/lifecycle.js:213:16)
10 verbose stack     at EventEmitter.emit (events.js:110:17)
10 verbose stack     at ChildProcess.<anonymous> (/usr/lib/node_modules/npm/lib/utils/spawn.js:24:14)
10 verbose stack     at ChildProcess.emit (events.js:110:17)
10 verbose stack     at maybeClose (child_process.js:1015:16)
10 verbose stack     at Process.ChildProcess._handle.onexit (child_process.js:1087:5)
11 verbose pkgid ivisp4@0.0.2
12 verbose cwd /home/joel/Documents/projects/school/DH2321/project4/iv-p4-frontend
13 error Linux 3.19.0-26-generic
14 error argv "/usr/bin/node" "/usr/bin/npm" "run" "dev"
15 error node v0.12.7
16 error npm  v2.11.3
17 error code ELIFECYCLE
18 error ivisp4@0.0.2 dev: `webpack-dev-server --content-base build/ --inline --hot`
18 error Exit status 1
19 error Failed at the ivisp4@0.0.2 dev script 'webpack-dev-server --content-base build/ --inline --hot'.
19 error This is most likely a problem with the ivisp4 package,
19 error not with npm itself.
19 error Tell the author that this fails on your system:
19 error     webpack-dev-server --content-base build/ --inline --hot
19 error You can get their info via:
19 error     npm owner ls ivisp4
19 error There is likely additional logging output above.
20 verbose exit [ 1, true ]
